Running: C:\Xilinx\14.6\ISE_DS\ISE\bin\nt\unwrapped\fuse.exe -intstyle ise -incremental -lib secureip -o C:/Users/Jared/huffman/huffman_TB_isim_beh.exe -prj C:/Users/Jared/huffman/huffman_TB_beh.prj work.huffman_TB 
ISim P.68d (signature 0x8ef4fb42)
Number of CPUs detected in this system: 4
Turning on mult-threading, number of parallel sub-compilation jobs: 8 
Determining compilation order of HDL files
Parsing VHDL file "C:/Users/Jared/huffman/vars.vhd" into library work
Parsing VHDL file "C:/Users/Jared/huffman/lookup.vhd" into library work
Parsing VHDL file "C:/Users/Jared/huffman/accumulator.vhd" into library work
Parsing VHDL file "C:/Users/Jared/huffman/huffman.vhd" into library work
Parsing VHDL file "C:/Users/Jared/huffman/huffman_TB.vhd" into library work
Starting static elaboration
Completed static elaboration
Fuse Memory Usage: 102504 KB
Fuse CPU Usage: 343 ms
Compiling package standard
Compiling package std_logic_1164
Compiling package vars
Compiling package numeric_std
Compiling architecture behavioral of entity lookup [lookup_default]
Compiling architecture behavioral of entity accumulator [accumulator_default]
Compiling architecture behavioral of entity huffman [huffman_default]
Compiling architecture behavior of entity huffman_tb
Time Resolution for simulation is 1ps.
Waiting for 2 sub-compilation(s) to finish...
Compiled 11 VHDL Units
Built simulation executable C:/Users/Jared/huffman/huffman_TB_isim_beh.exe
Fuse Memory Usage: 120216 KB
Fuse CPU Usage: 530 ms
