Release 14.6 - xst P.68d (nt)
Copyright (c) 1995-2013 Xilinx, Inc.  All rights reserved.
--> Parameter TMPDIR set to xst/projnav.tmp


Total REAL time to Xst completion: 0.00 secs
Total CPU time to Xst completion: 0.13 secs
 
--> Parameter xsthdpdir set to xst


Total REAL time to Xst completion: 0.00 secs
Total CPU time to Xst completion: 0.14 secs
 
--> Reading design: huffman.prj

TABLE OF CONTENTS
  1) Synthesis Options Summary
  2) HDL Parsing
  3) HDL Elaboration
  4) HDL Synthesis
       4.1) HDL Synthesis Report
  5) Advanced HDL Synthesis
       5.1) Advanced HDL Synthesis Report
  6) Low Level Synthesis
  7) Partition Report
  8) Design Summary
       8.1) Primitive and Black Box Usage
       8.2) Device utilization summary
       8.3) Partition Resource Summary
       8.4) Timing Report
            8.4.1) Clock Information
            8.4.2) Asynchronous Control Signals Information
            8.4.3) Timing Summary
            8.4.4) Timing Details
            8.4.5) Cross Clock Domains Report


=========================================================================
*                      Synthesis Options Summary                        *
=========================================================================
---- Source Parameters
Input File Name                    : "huffman.prj"
Ignore Synthesis Constraint File   : NO

---- Target Parameters
Output File Name                   : "huffman"
Output Format                      : NGC
Target Device                      : xc6slx75-3-fgg484

---- Source Options
Top Module Name                    : huffman
Automatic FSM Extraction           : YES
FSM Encoding Algorithm             : Auto
Safe Implementation                : No
FSM Style                          : LUT
RAM Extraction                     : Yes
RAM Style                          : Auto
ROM Extraction                     : Yes
Shift Register Extraction          : YES
ROM Style                          : Auto
Resource Sharing                   : YES
Asynchronous To Synchronous        : NO
Shift Register Minimum Size        : 2
Use DSP Block                      : Auto
Automatic Register Balancing       : No

---- Target Options
LUT Combining                      : Auto
Reduce Control Sets                : Auto
Add IO Buffers                     : YES
Global Maximum Fanout              : 100000
Add Generic Clock Buffer(BUFG)     : 16
Register Duplication               : YES
Optimize Instantiated Primitives   : NO
Use Clock Enable                   : Auto
Use Synchronous Set                : Auto
Use Synchronous Reset              : Auto
Pack IO Registers into IOBs        : Auto
Equivalent register Removal        : YES

---- General Options
Optimization Goal                  : Speed
Optimization Effort                : 1
Power Reduction                    : NO
Keep Hierarchy                     : No
Netlist Hierarchy                  : As_Optimized
RTL Output                         : Yes
Global Optimization                : AllClockNets
Read Cores                         : YES
Write Timing Constraints           : NO
Cross Clock Analysis               : NO
Hierarchy Separator                : /
Bus Delimiter                      : <>
Case Specifier                     : Maintain
Slice Utilization Ratio            : 100
BRAM Utilization Ratio             : 100
DSP48 Utilization Ratio            : 100
Auto BRAM Packing                  : NO
Slice Utilization Ratio Delta      : 5

=========================================================================


=========================================================================
*                          HDL Parsing                                  *
=========================================================================
Parsing VHDL file "C:\Users\Jared\huffman\vars.vhd" into library work
Parsing package <vars>.
Parsing package body <vars>.
Parsing VHDL file "C:\Users\Jared\huffman\lookup.vhd" into library work
Parsing entity <lookup>.
Parsing architecture <Behavioral> of entity <lookup>.
Parsing VHDL file "C:\Users\Jared\huffman\accumulator.vhd" into library work
Parsing entity <accumulator>.
Parsing architecture <Behavioral> of entity <accumulator>.
Parsing VHDL file "C:\Users\Jared\huffman\huffman.vhd" into library work
Parsing entity <huffman>.
Parsing architecture <Behavioral> of entity <huffman>.

=========================================================================
*                            HDL Elaboration                            *
=========================================================================

Elaborating entity <huffman> (architecture <Behavioral>) from library <work>.
WARNING:HDLCompiler:871 - "C:\Users\Jared\huffman\huffman.vhd" Line 56: Using initial value '1' for accum_en since it is never assigned

Elaborating entity <lookup> (architecture <Behavioral>) from library <work>.

Elaborating entity <accumulator> (architecture <Behavioral>) from library <work>.
WARNING:HDLCompiler:92 - "C:\Users\Jared\huffman\huffman.vhd" Line 76: input_length should be on the sensitivity list of the process

=========================================================================
*                           HDL Synthesis                               *
=========================================================================

Synthesizing Unit <huffman>.
    Related source file is "C:\Users\Jared\huffman\huffman.vhd".
WARNING:Xst:37 - Detected unknown constraint/property " package_net". This constraint/property is not supported by the current software release and will be ignored.
WARNING:Xst:653 - Signal <input> is used but never assigned. This sourceless signal will be automatically connected to value GND.
    Found 7-bit register for signal <current>.
    Found 12-bit comparator greater for signal <n0000> created at line 76
    Summary:
	inferred   7 D-type flip-flop(s).
	inferred   1 Comparator(s).
Unit <huffman> synthesized.

Synthesizing Unit <lookup>.
    Related source file is "C:\Users\Jared\huffman\lookup.vhd".
    Found 128x8-bit Read Only RAM for signal <n0002>
    Summary:
	inferred   1 RAM(s).
Unit <lookup> synthesized.

Synthesizing Unit <accumulator>.
    Related source file is "C:\Users\Jared\huffman\accumulator.vhd".
    Found 12-bit register for signal <result>.
    Found 12-bit register for signal <sum>.
    Found 12-bit adder for signal <sum[11]_GND_7_o_mux_1_OUT> created at line 42.
    Summary:
	inferred   1 Adder/Subtractor(s).
	inferred  24 D-type flip-flop(s).
Unit <accumulator> synthesized.

=========================================================================
HDL Synthesis Report

Macro Statistics
# RAMs                                                 : 1
 128x8-bit single-port Read Only RAM                   : 1
# Adders/Subtractors                                   : 1
 12-bit adder                                          : 1
# Registers                                            : 3
 12-bit register                                       : 2
 7-bit register                                        : 1
# Comparators                                          : 1
 12-bit comparator greater                             : 1

=========================================================================

=========================================================================
*                       Advanced HDL Synthesis                          *
=========================================================================

WARNING:Xst:1710 - FF/Latch <current_0> (without init value) has a constant value of 0 in block <huffman>. This FF/Latch will be trimmed during the optimization process.
WARNING:Xst:1895 - Due to other FF/Latch trimming, FF/Latch <current_1> (without init value) has a constant value of 0 in block <huffman>. This FF/Latch will be trimmed during the optimization process.
WARNING:Xst:1895 - Due to other FF/Latch trimming, FF/Latch <current_2> (without init value) has a constant value of 0 in block <huffman>. This FF/Latch will be trimmed during the optimization process.
WARNING:Xst:1895 - Due to other FF/Latch trimming, FF/Latch <current_3> (without init value) has a constant value of 0 in block <huffman>. This FF/Latch will be trimmed during the optimization process.
WARNING:Xst:1895 - Due to other FF/Latch trimming, FF/Latch <current_4> (without init value) has a constant value of 0 in block <huffman>. This FF/Latch will be trimmed during the optimization process.
WARNING:Xst:1895 - Due to other FF/Latch trimming, FF/Latch <current_5> (without init value) has a constant value of 0 in block <huffman>. This FF/Latch will be trimmed during the optimization process.
WARNING:Xst:1895 - Due to other FF/Latch trimming, FF/Latch <current_6> (without init value) has a constant value of 0 in block <huffman>. This FF/Latch will be trimmed during the optimization process.
WARNING:Xst:1898 - Due to constant pushing, FF/Latch <result_0> is unconnected in block <accum>.
WARNING:Xst:1898 - Due to constant pushing, FF/Latch <result_1> is unconnected in block <accum>.
WARNING:Xst:1898 - Due to constant pushing, FF/Latch <result_2> is unconnected in block <accum>.
WARNING:Xst:1898 - Due to constant pushing, FF/Latch <result_3> is unconnected in block <accum>.
WARNING:Xst:1898 - Due to constant pushing, FF/Latch <result_4> is unconnected in block <accum>.
WARNING:Xst:1898 - Due to constant pushing, FF/Latch <result_5> is unconnected in block <accum>.
WARNING:Xst:1898 - Due to constant pushing, FF/Latch <result_6> is unconnected in block <accum>.
WARNING:Xst:1898 - Due to constant pushing, FF/Latch <result_7> is unconnected in block <accum>.
WARNING:Xst:1898 - Due to constant pushing, FF/Latch <result_8> is unconnected in block <accum>.
WARNING:Xst:1898 - Due to constant pushing, FF/Latch <result_9> is unconnected in block <accum>.
WARNING:Xst:1898 - Due to constant pushing, FF/Latch <result_10> is unconnected in block <accum>.
WARNING:Xst:1898 - Due to constant pushing, FF/Latch <result_11> is unconnected in block <accum>.

Synthesizing (advanced) Unit <accumulator>.
The following registers are absorbed into accumulator <sum>: 1 register on signal <sum>.
Unit <accumulator> synthesized (advanced).

Synthesizing (advanced) Unit <huffman>.
INFO:Xst:3226 - The RAM <lut/Mram_n0002> will be implemented as a BLOCK RAM, absorbing the following register(s): <current>
    -----------------------------------------------------------------------
    | ram_type           | Block                               |          |
    -----------------------------------------------------------------------
    | Port A                                                              |
    |     aspect ratio   | 128-word x 8-bit                    |          |
    |     mode           | write-first                         |          |
    |     clkA           | connected to signal <clock>         | rise     |
    |     weA            | connected to signal <GND>           | high     |
    |     addrA          | connected to signal <current>       |          |
    |     diA            | connected to signal <GND>           |          |
    |     doA            | connected to signal <code_length>   |          |
    -----------------------------------------------------------------------
    | optimization       | speed                               |          |
    -----------------------------------------------------------------------
Unit <huffman> synthesized (advanced).

=========================================================================
Advanced HDL Synthesis Report

Macro Statistics
# RAMs                                                 : 1
 128x8-bit single-port block Read Only RAM             : 1
# Accumulators                                         : 1
 12-bit up accumulator                                 : 1
# Registers                                            : 19
 Flip-Flops                                            : 19
# Comparators                                          : 1
 12-bit comparator greater                             : 1

=========================================================================

=========================================================================
*                         Low Level Synthesis                           *
=========================================================================
WARNING:Xst:1710 - FF/Latch <current_0> (without init value) has a constant value of 0 in block <huffman>. This FF/Latch will be trimmed during the optimization process.
WARNING:Xst:1895 - Due to other FF/Latch trimming, FF/Latch <current_1> (without init value) has a constant value of 0 in block <huffman>. This FF/Latch will be trimmed during the optimization process.
WARNING:Xst:1895 - Due to other FF/Latch trimming, FF/Latch <current_2> (without init value) has a constant value of 0 in block <huffman>. This FF/Latch will be trimmed during the optimization process.
WARNING:Xst:1895 - Due to other FF/Latch trimming, FF/Latch <current_3> (without init value) has a constant value of 0 in block <huffman>. This FF/Latch will be trimmed during the optimization process.
WARNING:Xst:1895 - Due to other FF/Latch trimming, FF/Latch <current_4> (without init value) has a constant value of 0 in block <huffman>. This FF/Latch will be trimmed during the optimization process.
WARNING:Xst:1895 - Due to other FF/Latch trimming, FF/Latch <current_5> (without init value) has a constant value of 0 in block <huffman>. This FF/Latch will be trimmed during the optimization process.
WARNING:Xst:1895 - Due to other FF/Latch trimming, FF/Latch <current_6> (without init value) has a constant value of 0 in block <huffman>. This FF/Latch will be trimmed during the optimization process.

Optimizing unit <huffman> ...

Optimizing unit <accumulator> ...

Mapping all equations...
Building and optimizing final netlist ...
Found area constraint ratio of 100 (+ 5) on block huffman, actual ratio is 0.

Final Macro Processing ...

=========================================================================
Final Register Report

Found no macro
=========================================================================

=========================================================================
*                           Partition Report                            *
=========================================================================

Partition Implementation Status
-------------------------------

  No Partitions were found in this design.

-------------------------------

=========================================================================
*                            Design Summary                             *
=========================================================================

Top Level Output File Name         : huffman.ngc

Primitive and Black Box Usage:
------------------------------
# BELS                             : 2
#      GND                         : 1
#      VCC                         : 1
# RAMS                             : 1
#      RAMB8BWER                   : 1
# Clock Buffers                    : 1
#      BUFGP                       : 1
# IO Buffers                       : 4
#      OBUF                        : 4

Device utilization summary:
---------------------------

Selected Device : 6slx75fgg484-3 


Slice Logic Utilization: 

Slice Logic Distribution: 
 Number of LUT Flip Flop pairs used:      0
   Number with an unused Flip Flop:       0  out of      0         
   Number with an unused LUT:             0  out of      0         
   Number of fully used LUT-FF pairs:     0  out of      0         
   Number of unique control sets:         0

IO Utilization: 
 Number of IOs:                          41
 Number of bonded IOBs:                   5  out of    280     1%  

Specific Feature Utilization:
 Number of Block RAM/FIFO:                1  out of    172     0%  
    Number using Block RAM only:          1
 Number of BUFG/BUFGCTRLs:                1  out of     16     6%  

---------------------------
Partition Resource Summary:
---------------------------

  No Partitions were found in this design.

---------------------------


=========================================================================
Timing Report

NOTE: THESE TIMING NUMBERS ARE ONLY A SYNTHESIS ESTIMATE.
      FOR ACCURATE TIMING INFORMATION PLEASE REFER TO THE TRACE REPORT
      GENERATED AFTER PLACE-and-ROUTE.

Clock Information:
------------------
-----------------------------------+------------------------+-------+
Clock Signal                       | Clock buffer(FF name)  | Load  |
-----------------------------------+------------------------+-------+
clock                              | BUFGP                  | 1     |
-----------------------------------+------------------------+-------+

Asynchronous Control Signals Information:
----------------------------------------
No asynchronous control signals found in this design

Timing Summary:
---------------
Speed Grade: -3

   Minimum period: No path found
   Minimum input arrival time before clock: No path found
   Maximum output required time after clock: 4.800ns
   Maximum combinational path delay: No path found

Timing Details:
---------------
All values displayed in nanoseconds (ns)

=========================================================================
Timing constraint: Default OFFSET OUT AFTER for Clock 'clock'
  Total number of paths / destination ports: 4 / 4
-------------------------------------------------------------------------
Offset:              4.800ns (Levels of Logic = 1)
  Source:            lut/Mram_n0002 (RAM)
  Destination:       symbol<3> (PAD)
  Source Clock:      clock rising

  Data Path: lut/Mram_n0002 to symbol<3>
                                Gate     Net
    Cell:in->out      fanout   Delay   Delay  Logical Name (Net Name)
    ----------------------------------------  ------------
     RAMB8BWER:CLKAWRCLK->DOADO7    1   1.650   0.579  lut/Mram_n0002 (symbol_3_OBUF)
     OBUF:I->O                 2.571          symbol_3_OBUF (symbol<3>)
    ----------------------------------------
    Total                      4.800ns (4.221ns logic, 0.579ns route)
                                       (87.9% logic, 12.1% route)

=========================================================================

Cross Clock Domains Report:
--------------------------

=========================================================================


Total REAL time to Xst completion: 9.00 secs
Total CPU time to Xst completion: 9.25 secs
 
--> 

Total memory usage is 188792 kilobytes

Number of errors   :    0 (   0 filtered)
Number of warnings :   30 (   0 filtered)
Number of infos    :    1 (   0 filtered)

