--------------------------------------------------------------------------------
Release 14.6 Trace  (nt)
Copyright (c) 1995-2013 Xilinx, Inc.  All rights reserved.

C:\Xilinx\14.6\ISE_DS\ISE\bin\nt\unwrapped\trce.exe -intstyle ise -v 3 -s 3 -n
3 -fastpaths -xml huffman.twx huffman.ncd -o huffman.twr huffman.pcf

Design file:              huffman.ncd
Physical constraint file: huffman.pcf
Device,package,speed:     xc6slx75,fgg484,C,-3 (PRODUCTION 1.23 2013-06-08)
Report level:             verbose report

Environment Variable      Effect 
--------------------      ------ 
NONE                      No environment variables were set
--------------------------------------------------------------------------------

INFO:Timing:2698 - No timing constraints found, doing default enumeration.
INFO:Timing:3412 - To improve timing, see the Timing Closure User Guide (UG612).
INFO:Timing:2752 - To get complete path coverage, use the unconstrained paths 
   option. All paths that are not constrained will be reported in the 
   unconstrained paths section(s) of the report.
INFO:Timing:3339 - The clock-to-out numbers in this timing report are based on 
   a 50 Ohm transmission line loading model.  For the details of this model, 
   and for more information on accounting for different loading conditions, 
   please see the device datasheet.



Data Sheet report:
-----------------
All values displayed in nanoseconds (ns)

Setup/Hold to clock clock
------------+------------+------------+------------+------------+------------------+--------+
            |Max Setup to|  Process   |Max Hold to |  Process   |                  | Clock  |
Source      | clk (edge) |   Corner   | clk (edge) |   Corner   |Internal Clock(s) | Phase  |
------------+------------+------------+------------+------------+------------------+--------+
argument<0> |    0.891(R)|      SLOW  |    0.109(R)|      SLOW  |clock_BUFGP       |   0.000|
argument<1> |    1.266(R)|      SLOW  |   -0.258(R)|      SLOW  |clock_BUFGP       |   0.000|
argument<2> |    1.051(R)|      SLOW  |   -0.042(R)|      SLOW  |clock_BUFGP       |   0.000|
argument<3> |    1.100(R)|      SLOW  |   -0.101(R)|      SLOW  |clock_BUFGP       |   0.000|
argument<4> |    1.259(R)|      SLOW  |   -0.238(R)|      SLOW  |clock_BUFGP       |   0.000|
argument<5> |    1.270(R)|      SLOW  |   -0.252(R)|      SLOW  |clock_BUFGP       |   0.000|
argument<6> |    1.416(R)|      SLOW  |   -0.386(R)|      SLOW  |clock_BUFGP       |   0.000|
------------+------------+------------+------------+------------+------------------+--------+

Clock clock to Pad
------------+-----------------+------------+-----------------+------------+------------------+--------+
            |Max (slowest) clk|  Process   |Min (fastest) clk|  Process   |                  | Clock  |
Destination |  (edge) to PAD  |   Corner   |  (edge) to PAD  |   Corner   |Internal Clock(s) | Phase  |
------------+-----------------+------------+-----------------+------------+------------------+--------+
result<0>   |         8.526(R)|      SLOW  |         4.032(R)|      FAST  |clock_BUFGP       |   0.000|
result<1>   |         8.377(R)|      SLOW  |         3.957(R)|      FAST  |clock_BUFGP       |   0.000|
result<2>   |         8.639(R)|      SLOW  |         4.109(R)|      FAST  |clock_BUFGP       |   0.000|
result<3>   |         8.509(R)|      SLOW  |         4.035(R)|      FAST  |clock_BUFGP       |   0.000|
result<4>   |         8.317(R)|      SLOW  |         3.922(R)|      FAST  |clock_BUFGP       |   0.000|
result<5>   |         8.515(R)|      SLOW  |         4.039(R)|      FAST  |clock_BUFGP       |   0.000|
result<6>   |         8.161(R)|      SLOW  |         3.822(R)|      FAST  |clock_BUFGP       |   0.000|
result<7>   |         8.296(R)|      SLOW  |         3.902(R)|      FAST  |clock_BUFGP       |   0.000|
------------+-----------------+------------+-----------------+------------+------------------+--------+


Analysis completed Sun Aug 18 19:39:06 2013 
--------------------------------------------------------------------------------

Trace Settings:
-------------------------
Trace Settings 

Peak Memory Usage: 215 MB



