Release 14.6 - xst P.68d (nt)
Copyright (c) 1995-2013 Xilinx, Inc.  All rights reserved.
--> Parameter TMPDIR set to xst/projnav.tmp


Total REAL time to Xst completion: 1.00 secs
Total CPU time to Xst completion: 0.13 secs
 
--> Parameter xsthdpdir set to xst


Total REAL time to Xst completion: 1.00 secs
Total CPU time to Xst completion: 0.14 secs
 
--> Reading design: huffman2.prj

TABLE OF CONTENTS
  1) Synthesis Options Summary
  2) HDL Parsing
  3) HDL Elaboration
  4) HDL Synthesis
       4.1) HDL Synthesis Report
  5) Advanced HDL Synthesis
       5.1) Advanced HDL Synthesis Report
  6) Low Level Synthesis
  7) Partition Report
  8) Design Summary
       8.1) Primitive and Black Box Usage
       8.2) Device utilization summary
       8.3) Partition Resource Summary
       8.4) Timing Report
            8.4.1) Clock Information
            8.4.2) Asynchronous Control Signals Information
            8.4.3) Timing Summary
            8.4.4) Timing Details
            8.4.5) Cross Clock Domains Report


=========================================================================
*                      Synthesis Options Summary                        *
=========================================================================
---- Source Parameters
Input File Name                    : "huffman2.prj"
Ignore Synthesis Constraint File   : NO

---- Target Parameters
Output File Name                   : "huffman2"
Output Format                      : NGC
Target Device                      : xc6slx75-3-fgg484

---- Source Options
Top Module Name                    : huffman2
Automatic FSM Extraction           : YES
FSM Encoding Algorithm             : Auto
Safe Implementation                : No
FSM Style                          : LUT
RAM Extraction                     : Yes
RAM Style                          : Auto
ROM Extraction                     : Yes
Shift Register Extraction          : YES
ROM Style                          : Auto
Resource Sharing                   : YES
Asynchronous To Synchronous        : NO
Shift Register Minimum Size        : 2
Use DSP Block                      : Auto
Automatic Register Balancing       : No

---- Target Options
LUT Combining                      : Auto
Reduce Control Sets                : Auto
Add IO Buffers                     : YES
Global Maximum Fanout              : 100000
Add Generic Clock Buffer(BUFG)     : 16
Register Duplication               : YES
Optimize Instantiated Primitives   : NO
Use Clock Enable                   : Auto
Use Synchronous Set                : Auto
Use Synchronous Reset              : Auto
Pack IO Registers into IOBs        : Auto
Equivalent register Removal        : YES

---- General Options
Optimization Goal                  : Speed
Optimization Effort                : 1
Power Reduction                    : NO
Keep Hierarchy                     : No
Netlist Hierarchy                  : As_Optimized
RTL Output                         : Yes
Global Optimization                : AllClockNets
Read Cores                         : YES
Write Timing Constraints           : NO
Cross Clock Analysis               : NO
Hierarchy Separator                : /
Bus Delimiter                      : <>
Case Specifier                     : Maintain
Slice Utilization Ratio            : 100
BRAM Utilization Ratio             : 100
DSP48 Utilization Ratio            : 100
Auto BRAM Packing                  : NO
Slice Utilization Ratio Delta      : 5

=========================================================================


=========================================================================
*                          HDL Parsing                                  *
=========================================================================
Parsing VHDL file "C:\Users\Jared\huffman\vars.vhd" into library work
Parsing package <vars>.
Parsing package body <vars>.
Parsing VHDL file "C:\Users\Jared\huffman\lookup.vhd" into library work
Parsing entity <lookup>.
Parsing architecture <Behavioral> of entity <lookup>.
Parsing VHDL file "C:\Users\Jared\huffman\accumulator.vhd" into library work
Parsing entity <accumulator>.
Parsing architecture <Behavioral> of entity <accumulator>.
Parsing VHDL file "C:\Users\Jared\huffman\huffman.vhd" into library work
ERROR:HDLCompiler:69 - "C:\Users\Jared\huffman\huffman.vhd" Line 22: <huffman> is not declared.
Parsing entity <huffman2>.
ERROR:HDLCompiler:854 - "C:\Users\Jared\huffman\huffman.vhd" Line 25: Unit <huffman2> ignored due to previous errors.
Parsing architecture <Behavioral> of entity <huffman2>.
ERROR:HDLCompiler:374 - "C:\Users\Jared\huffman\huffman.vhd" Line 34: Entity <huffman2> is not yet compiled.
ERROR:HDLCompiler:69 - "C:\Users\Jared\huffman\huffman.vhd" Line 38: <std_logic_vector> is not declared.
ERROR:HDLCompiler:69 - "C:\Users\Jared\huffman\huffman.vhd" Line 39: <std_logic_vector> is not declared.
ERROR:HDLCompiler:69 - "C:\Users\Jared\huffman\huffman.vhd" Line 40: <std_logic_vector> is not declared.
ERROR:HDLCompiler:69 - "C:\Users\Jared\huffman\huffman.vhd" Line 46: <std_logic> is not declared.
ERROR:HDLCompiler:69 - "C:\Users\Jared\huffman\huffman.vhd" Line 47: <std_logic_vector> is not declared.
ERROR:HDLCompiler:69 - "C:\Users\Jared\huffman\huffman.vhd" Line 48: <std_logic_vector> is not declared.
ERROR:HDLCompiler:69 - "C:\Users\Jared\huffman\huffman.vhd" Line 49: <std_logic> is not declared.
ERROR:HDLCompiler:69 - "C:\Users\Jared\huffman\huffman.vhd" Line 53: <std_logic_vector> is not declared.
ERROR:HDLCompiler:69 - "C:\Users\Jared\huffman\huffman.vhd" Line 54: <std_logic> is not declared.
ERROR:HDLCompiler:69 - "C:\Users\Jared\huffman\huffman.vhd" Line 55: <std_logic_vector> is not declared.
ERROR:HDLCompiler:69 - "C:\Users\Jared\huffman\huffman.vhd" Line 60: <argument> is not declared.
ERROR:HDLCompiler:69 - "C:\Users\Jared\huffman\huffman.vhd" Line 61: <symbol> is not declared.
ERROR:HDLCompiler:192 - "C:\Users\Jared\huffman\huffman.vhd" Line 61: Actual of formal out port symbol cannot be an expression
ERROR:HDLCompiler:69 - "C:\Users\Jared\huffman\huffman.vhd" Line 62: <code_length> is not declared.
ERROR:HDLCompiler:192 - "C:\Users\Jared\huffman\huffman.vhd" Line 62: Actual of formal out port code_length cannot be an expression
ERROR:HDLCompiler:69 - "C:\Users\Jared\huffman\huffman.vhd" Line 66: <clock> is not declared.
Sorry, too many errors..
--> 

Total memory usage is 162948 kilobytes

Number of errors   :   19 (   0 filtered)
Number of warnings :    0 (   0 filtered)
Number of infos    :    0 (   0 filtered)

